<?xml version="1.0" encoding="UTF-8"?>
<coverage generated="1533781677456" clover="3.2.0">
  <project timestamp="1533781677457" name="All files">
    <metrics statements="7" coveredstatements="7" conditionals="0" coveredconditionals="0" methods="6" coveredmethods="6" elements="13" coveredelements="13" complexity="0" loc="7" ncloc="7" packages="1" files="1" classes="1">
      <file name="functions.js" path="C:\Users\dalton.bagley\Documents\DevMountain\won2\week21\unit-testing-mini\functions.js">
        <metrics statements="7" coveredstatements="7" conditionals="0" coveredconditionals="0" methods="6" coveredmethods="6"/>
        <line num="1" count="1" type="stmt"/>
        <line num="2" count="1" type="stmt"/>
        <line num="3" count="2" type="stmt"/>
        <line num="4" count="2" type="stmt"/>
        <line num="5" count="2" type="stmt"/>
        <line num="6" count="2" type="stmt"/>
        <line num="7" count="2" type="stmt"/>
      </file>
    </metrics>
  </project>
</coverage>
